<?xml version="1.0" encoding="UTF-8"?>
<coverage generated="1617303895695" clover="3.2.0">
  <project timestamp="1617303895695" name="All files">
    <metrics statements="4" coveredstatements="2" conditionals="0" coveredconditionals="0" methods="3" coveredmethods="1" elements="7" coveredelements="3" complexity="0" loc="4" ncloc="4" packages="1" files="1" classes="1"/>
    <file name="collections-preview.component.jsx" path="/home/rupam/Documents/Development/react-ecommerce-app/client/src/components/collections-preview/collections-preview.component.jsx">
      <metrics statements="4" coveredstatements="2" conditionals="0" coveredconditionals="0" methods="3" coveredmethods="1"/>
      <line num="9" count="1" type="stmt"/>
      <line num="10" count="1" type="stmt"/>
      <line num="15" count="0" type="stmt"/>
      <line num="18" count="0" type="stmt"/>
    </file>
  </project>
</coverage>
