{"/home/rupam/Documents/Development/react-ecommerce-app/client/src/components/collections-preview/collections-preview.component.jsx": {"path":"/home/rupam/Documents/Development/react-ecommerce-app/client/src/components/collections-preview/collections-preview.component.jsx","statementMap":{"0":{"start":{"line":9,"column":25},"end":{"line":26,"column":1}},"1":{"start":{"line":10,"column":4},"end":{"line":24,"column":6}},"2":{"start":{"line":15,"column":40},"end":{"line":15,"column":47}},"3":{"start":{"line":18,"column":24},"end":{"line":18,"column":81}}},"fnMap":{"0":{"name":"(anonymous_0)","decl":{"start":{"line":9,"column":25},"end":{"line":9,"column":26}},"loc":{"start":{"line":9,"column":42},"end":{"line":26,"column":1}},"line":9},"1":{"name":"(anonymous_1)","decl":{"start":{"line":15,"column":24},"end":{"line":15,"column":25}},"loc":{"start":{"line":15,"column":40},"end":{"line":15,"column":47}},"line":15},"2":{"name":"(anonymous_2)","decl":{"start":{"line":16,"column":21},"end":{"line":16,"column":22}},"loc":{"start":{"line":18,"column":24},"end":{"line":18,"column":81}},"line":18}},"branchMap":{},"s":{"0":1,"1":1,"2":0,"3":0},"f":{"0":1,"1":0,"2":0},"b":{},"_coverageSchema":"1a1c01bbd47fc00a2c39e90264f33305004495a9","hash":"8ff7a5009d1544d9926afc6dce77d42d61f7ffad"}
}
